[debug] [2021-09-25T07:25:38.331Z] ----------------------------------------------------------------------
[debug] [2021-09-25T07:25:38.332Z] Command:       /usr/local/bin/node /Users/taekhun/.npm/_npx/66516/bin/firebase deploy --only hosting --project univ-dorm-community --debug
[debug] [2021-09-25T07:25:38.333Z] CLI Version:   9.18.0
[debug] [2021-09-25T07:25:38.333Z] Platform:      darwin
[debug] [2021-09-25T07:25:38.333Z] Node Version:  v14.15.4
[debug] [2021-09-25T07:25:38.334Z] Time:          Sat Sep 25 2021 16:25:38 GMT+0900 (대한민국 표준시)
[debug] [2021-09-25T07:25:38.334Z] ----------------------------------------------------------------------
[debug] 
[debug] [2021-09-25T07:25:38.382Z] > command requires scopes: ["email","openid","https://www.googleapis.com/auth/cloudplatformprojects.readonly","https://www.googleapis.com/auth/firebase","https://www.googleapis.com/auth/cloud-platform"]
[debug] [2021-09-25T07:25:38.383Z] > authorizing via signed-in user (nth9708@gmail.com)
[debug] [2021-09-25T07:25:38.383Z] [iam] checking project univ-dorm-community for permissions ["firebase.projects.get","firebasehosting.sites.update"]
[debug] [2021-09-25T07:25:38.386Z] >>> HTTP REQUEST POST https://cloudresourcemanager.googleapis.com/v1/projects/univ-dorm-community:testIamPermissions  
 {"permissions":["firebase.projects.get","firebasehosting.sites.update"]}
[debug] [2021-09-25T07:25:39.203Z] <<< HTTP RESPONSE 200 {"content-type":"application/json; charset=UTF-8","vary":"X-Origin, Referer, Origin,Accept-Encoding","date":"Sat, 25 Sep 2021 07:25:39 GMT","server":"ESF","cache-control":"private","x-xss-protection":"0","x-frame-options":"SAMEORIGIN","x-content-type-options":"nosniff","server-timing":"gfet4t7; dur=567","alt-svc":"h3=\":443\"; ma=2592000,h3-29=\":443\"; ma=2592000,h3-T051=\":443\"; ma=2592000,h3-Q050=\":443\"; ma=2592000,h3-Q046=\":443\"; ma=2592000,h3-Q043=\":443\"; ma=2592000,quic=\":443\"; ma=2592000; v=\"46,43\"","accept-ranges":"none","transfer-encoding":"chunked"}
[debug] [2021-09-25T07:25:39.209Z] > refreshing access token with scopes: []
[debug] [2021-09-25T07:25:39.210Z] >>> HTTP REQUEST POST https://www.googleapis.com/oauth2/v3/token  
 <request body omitted>
[debug] [2021-09-25T07:25:39.504Z] <<< HTTP RESPONSE 200 {"pragma":"no-cache","date":"Sat, 25 Sep 2021 07:25:39 GMT","cache-control":"no-cache, no-store, max-age=0, must-revalidate","expires":"Mon, 01 Jan 1990 00:00:00 GMT","content-type":"application/json; charset=utf-8","vary":"X-Origin, Referer, Origin,Accept-Encoding","server":"scaffolding on HTTPServer2","x-xss-protection":"0","x-frame-options":"SAMEORIGIN","x-content-type-options":"nosniff","alt-svc":"h3=\":443\"; ma=2592000,h3-29=\":443\"; ma=2592000,h3-T051=\":443\"; ma=2592000,h3-Q050=\":443\"; ma=2592000,h3-Q046=\":443\"; ma=2592000,h3-Q043=\":443\"; ma=2592000,quic=\":443\"; ma=2592000; v=\"46,43\"","accept-ranges":"none","transfer-encoding":"chunked"}
[debug] [2021-09-25T07:25:39.581Z] >>> [apiv2][query] GET https://firebase.googleapis.com/v1beta1/projects/univ-dorm-community [none]
[debug] [2021-09-25T07:25:40.219Z] <<< [apiv2][status] GET https://firebase.googleapis.com/v1beta1/projects/univ-dorm-community 200
[debug] [2021-09-25T07:25:40.220Z] <<< [apiv2][body] GET https://firebase.googleapis.com/v1beta1/projects/univ-dorm-community {"projectId":"univ-dorm-community","projectNumber":"733669720752","displayName":"univ-dorm-community","name":"projects/univ-dorm-community","resources":{"hostingSite":"univ-dorm-community"},"state":"ACTIVE"}
[info] 
[info] === Deploying to 'univ-dorm-community'...
[info] 
[info] i  deploying hosting 
[debug] [2021-09-25T07:25:40.229Z] > refreshing access token with scopes: ["email","https://www.googleapis.com/auth/cloud-platform","https://www.googleapis.com/auth/cloudplatformprojects.readonly","https://www.googleapis.com/auth/firebase","openid"]
[debug] [2021-09-25T07:25:40.230Z] >>> HTTP REQUEST POST https://www.googleapis.com/oauth2/v3/token  
 <request body omitted>
[debug] [2021-09-25T07:25:40.523Z] <<< HTTP RESPONSE 200 {"pragma":"no-cache","cache-control":"no-cache, no-store, max-age=0, must-revalidate","expires":"Mon, 01 Jan 1990 00:00:00 GMT","date":"Sat, 25 Sep 2021 07:25:40 GMT","content-type":"application/json; charset=utf-8","vary":"X-Origin, Referer, Origin,Accept-Encoding","server":"scaffolding on HTTPServer2","x-xss-protection":"0","x-frame-options":"SAMEORIGIN","x-content-type-options":"nosniff","alt-svc":"h3=\":443\"; ma=2592000,h3-29=\":443\"; ma=2592000,h3-T051=\":443\"; ma=2592000,h3-Q050=\":443\"; ma=2592000,h3-Q046=\":443\"; ma=2592000,h3-Q043=\":443\"; ma=2592000,quic=\":443\"; ma=2592000; v=\"46,43\"","accept-ranges":"none","transfer-encoding":"chunked"}
[debug] [2021-09-25T07:25:40.570Z] >>> HTTP REQUEST POST https://firebasehosting.googleapis.com/v1beta1/sites/univ-dorm-community/versions  
 {"config":{"rewrites":[{"glob":"**","path":"/index.html"}]},"labels":{"deployment-tool":"cli-firebase"}}
[debug] [2021-09-25T07:25:41.892Z] <<< HTTP RESPONSE 200 {"content-type":"application/json; charset=UTF-8","vary":"X-Origin, Referer, Origin,Accept-Encoding","date":"Sat, 25 Sep 2021 07:25:41 GMT","server":"ESF","cache-control":"private","x-xss-protection":"0","x-frame-options":"SAMEORIGIN","x-content-type-options":"nosniff","alt-svc":"h3=\":443\"; ma=2592000,h3-29=\":443\"; ma=2592000,h3-T051=\":443\"; ma=2592000,h3-Q050=\":443\"; ma=2592000,h3-Q046=\":443\"; ma=2592000,h3-Q043=\":443\"; ma=2592000,quic=\":443\"; ma=2592000; v=\"46,43\"","accept-ranges":"none","transfer-encoding":"chunked"}
[info] i  hosting[univ-dorm-community]: beginning deploy... 
[info] i  hosting[univ-dorm-community]: found 22 files in build 
[debug] [2021-09-25T07:25:41.906Z] > refreshing access token with scopes: []
[debug] [2021-09-25T07:25:41.906Z] >>> HTTP REQUEST POST https://www.googleapis.com/oauth2/v3/token  
 <request body omitted>
[debug] [2021-09-25T07:25:41.907Z] [hosting] hash cache [YnVpbGQ] stored for 22 files
[debug] [2021-09-25T07:25:41.907Z] [hosting][hash queue][FINAL] {"max":1,"min":0,"avg":0,"active":0,"complete":22,"success":22,"errored":0,"retried":0,"total":22,"elapsed":4}
[debug] [2021-09-25T07:25:42.126Z] <<< HTTP RESPONSE 200 {"expires":"Mon, 01 Jan 1990 00:00:00 GMT","cache-control":"no-cache, no-store, max-age=0, must-revalidate","pragma":"no-cache","date":"Sat, 25 Sep 2021 07:25:42 GMT","content-type":"application/json; charset=utf-8","vary":"X-Origin, Referer, Origin,Accept-Encoding","server":"scaffolding on HTTPServer2","x-xss-protection":"0","x-frame-options":"SAMEORIGIN","x-content-type-options":"nosniff","alt-svc":"h3=\":443\"; ma=2592000,h3-29=\":443\"; ma=2592000,h3-T051=\":443\"; ma=2592000,h3-Q050=\":443\"; ma=2592000,h3-Q046=\":443\"; ma=2592000,h3-Q043=\":443\"; ma=2592000,quic=\":443\"; ma=2592000; v=\"46,43\"","accept-ranges":"none","transfer-encoding":"chunked"}
[debug] [2021-09-25T07:25:42.166Z] >>> [apiv2][query] POST https://firebasehosting.googleapis.com/v1beta1/sites/univ-dorm-community/versions/4dc963f68f093740:populateFiles [none]
[debug] [2021-09-25T07:25:42.166Z] >>> [apiv2][body] POST https://firebasehosting.googleapis.com/v1beta1/sites/univ-dorm-community/versions/4dc963f68f093740:populateFiles {"files":{"/asset-manifest.json":"ceba3469157167f5c27166974a4325af29a97a74a4a47b948e827bebd016d95f","/favicon.ico":"b72f7455f00e4e58792d2bca892abb068e2213838c0316d6b7a0d6d16acd1955","/index.html":"423392841615ec9d732335fe6c10fd3ce25ccf7b91b32de6e6c96b7464fe21a1","/logo192.png":"caff018b7f1e8fd481eb1c50d75b0ef236bcd5078b1d15c8bb348453fee30293","/logo512.png":"191fc21360b4ccfb1cda11a1efb97f489ed22672ca83f4064316802bbfdd750e","/manifest.json":"341d52628782f8ac9290bbfc43298afccb47b7cbfcee146ae30cf0f46bc30900","/robots.txt":"391d14b3c2f8c9143a27a28c7399585142228d4d1bdbe2c87ac946de411fa9a2","/static/css/2.f83b9687.chunk.css":"39a018944efa14c71a9b1be62281cd6c4d8a43648dbf69fb7031b07650b9283e","/static/css/2.f83b9687.chunk.css.map":"0db5d6cc9d7b9cc851fd338eba9bff7cfa1c8633f015212c7a8b64669bacd0b2","/static/js/2.3fe05d77.chunk.js":"2973a894cca456d979f3f6822285f24b902fb08f6a32adaa4b43b85bcf4bbd7c","/static/js/2.3fe05d77.chunk.js.LICENSE.txt":"c4dcb1be306bb952d60d8e330354fc96999ff282076c4abf1a475f9f4979e5c9","/static/js/2.3fe05d77.chunk.js.map":"cc143de0b43dfd829b4070932c634ee1d01cfa7450eb6e735a6067215e302dc7","/static/js/main.c2141ca0.chunk.js":"fbbfc798d995e30f74bf90e91bf96b91f0864025e4f6f6de2469d48938fa12f1","/static/js/main.c2141ca0.chunk.js.map":"06260498eacb3e6c91f7eb5c05ab8dfe67dbe72b5d987397fbc785a64c4311f2","/static/js/runtime-main.3e6c9085.js":"179f3b537c189e31e586398ea7a0e111d4d5b830c6c4bb19e4fd4026ac8a9249","/static/js/runtime-main.3e6c9085.js.map":"8a72d648f06410f6eef0ac63ffc57a3d5f5e36f5ea505318a55c620ee04679ba","/static/media/SpoqaHanSansNeoBold.1db18034.woff2":"8b9770a971024e38319158a50963c39837420e9d4b960476043cdb97af6bcd20","/static/media/SpoqaHanSansNeoLight.13ba65ce.woff2":"d418f0cc9a4445ef75498a348d0b16555f287847641c11260c01f8d80376c025","/static/media/SpoqaHanSansNeoMedium.8589927a.woff2":"8ae0ea31e2520339739ef9ac763a35edbd18f1cd40ceffc83749d56c1934ce70","/static/media/SpoqaHanSansNeoRegular.452bf157.woff2":"e0760728f56066633b7c846a15650ea643426c4c4f1a9eaac31fcf89dfb7aef8","/static/media/SpoqaHanSansNeoThin.9aab6330.woff2":"f70e459160a17ebe982324f567ebae6b4bdbaa3593823d8a234db31f6cea436d","/static/media/profile-image.e4806df9.png":"7e789419930deea6db19f1dd4ecb241007f6516a8ee98a61ff46b6c6bbee45ed"}}
[debug] [2021-09-25T07:25:43.294Z] <<< [apiv2][status] POST https://firebasehosting.googleapis.com/v1beta1/sites/univ-dorm-community/versions/4dc963f68f093740:populateFiles 200
[debug] [2021-09-25T07:25:43.296Z] <<< [apiv2][body] POST https://firebasehosting.googleapis.com/v1beta1/sites/univ-dorm-community/versions/4dc963f68f093740:populateFiles {"uploadUrl":"https://upload-firebasehosting.googleapis.com/upload/sites/univ-dorm-community/versions/4dc963f68f093740/files"}
[debug] [2021-09-25T07:25:43.297Z] [hosting][populate queue][FINAL] {"max":1392,"min":1392,"avg":1392,"active":0,"complete":1,"success":1,"errored":0,"retried":0,"total":1,"elapsed":1392}
[debug] [2021-09-25T07:25:43.298Z] [hosting] uploads queued: 0
[debug] [2021-09-25T07:25:43.298Z] [hosting][upload queue][FINAL] {"max":0,"min":9999999999,"avg":0,"active":0,"complete":0,"success":0,"errored":0,"retried":0,"total":0,"elapsed":1632554743298}
[info] ✔  hosting[univ-dorm-community]: file upload complete 
[debug] [2021-09-25T07:25:43.300Z] [hosting] deploy completed after 1407ms
[debug] [2021-09-25T07:25:43.306Z] [
  {
    "config": {
      "public": "build",
      "ignore": [
        "firebase.json",
        "**/.*",
        "**/node_modules/**"
      ],
      "rewrites": [
        {
          "source": "**",
          "destination": "/index.html"
        }
      ],
      "site": "univ-dorm-community"
    },
    "site": "univ-dorm-community",
    "version": "sites/univ-dorm-community/versions/4dc963f68f093740"
  }
]
[info] i  hosting[univ-dorm-community]: finalizing version... 
[debug] [2021-09-25T07:25:43.307Z] > refreshing access token with scopes: ["email","https://www.googleapis.com/auth/cloud-platform","https://www.googleapis.com/auth/cloudplatformprojects.readonly","https://www.googleapis.com/auth/firebase","openid"]
[debug] [2021-09-25T07:25:43.307Z] >>> HTTP REQUEST POST https://www.googleapis.com/oauth2/v3/token  
 <request body omitted>
[debug] [2021-09-25T07:25:43.592Z] <<< HTTP RESPONSE 200 {"expires":"Mon, 01 Jan 1990 00:00:00 GMT","pragma":"no-cache","cache-control":"no-cache, no-store, max-age=0, must-revalidate","date":"Sat, 25 Sep 2021 07:25:43 GMT","content-type":"application/json; charset=utf-8","vary":"X-Origin, Referer, Origin,Accept-Encoding","server":"scaffolding on HTTPServer2","x-xss-protection":"0","x-frame-options":"SAMEORIGIN","x-content-type-options":"nosniff","alt-svc":"h3=\":443\"; ma=2592000,h3-29=\":443\"; ma=2592000,h3-T051=\":443\"; ma=2592000,h3-Q050=\":443\"; ma=2592000,h3-Q046=\":443\"; ma=2592000,h3-Q043=\":443\"; ma=2592000,quic=\":443\"; ma=2592000; v=\"46,43\"","accept-ranges":"none","transfer-encoding":"chunked"}
[debug] [2021-09-25T07:25:43.635Z] >>> HTTP REQUEST PATCH https://firebasehosting.googleapis.com/v1beta1/sites/univ-dorm-community/versions/4dc963f68f093740?updateMask=status  
 {"status":"FINALIZED"}
[debug] [2021-09-25T07:25:44.708Z] <<< HTTP RESPONSE 200 {"content-type":"application/json; charset=UTF-8","vary":"X-Origin, Referer, Origin,Accept-Encoding","date":"Sat, 25 Sep 2021 07:25:44 GMT","server":"ESF","cache-control":"private","x-xss-protection":"0","x-frame-options":"SAMEORIGIN","x-content-type-options":"nosniff","alt-svc":"h3=\":443\"; ma=2592000,h3-29=\":443\"; ma=2592000,h3-T051=\":443\"; ma=2592000,h3-Q050=\":443\"; ma=2592000,h3-Q046=\":443\"; ma=2592000,h3-Q043=\":443\"; ma=2592000,quic=\":443\"; ma=2592000; v=\"46,43\"","accept-ranges":"none","transfer-encoding":"chunked"}
[debug] [2021-09-25T07:25:44.709Z] [hosting] finalized version for univ-dorm-community: {"name":"sites/univ-dorm-community/versions/4dc963f68f093740","status":"FINALIZED","config":{"rewrites":[{"glob":"**","path":"/index.html"}]},"labels":{"deployment-tool":"cli-firebase"},"createTime":"2021-09-25T07:25:41.526396Z","createUser":{"email":"nth9708@gmail.com"},"finalizeTime":"2021-09-25T07:25:44.653844Z","finalizeUser":{"email":"nth9708@gmail.com"}}
[info] ✔  hosting[univ-dorm-community]: version finalized 
[info] i  hosting[univ-dorm-community]: releasing new version... 
[debug] [2021-09-25T07:25:44.711Z] >>> HTTP REQUEST POST https://firebasehosting.googleapis.com/v1beta1/sites/univ-dorm-community/releases?version_name=sites/univ-dorm-community/versions/4dc963f68f093740  
 {"message":null}
[debug] [2021-09-25T07:25:45.072Z] <<< HTTP RESPONSE 200 {"content-type":"application/json; charset=UTF-8","vary":"X-Origin, Referer, Origin,Accept-Encoding","date":"Sat, 25 Sep 2021 07:25:45 GMT","server":"ESF","cache-control":"private","x-xss-protection":"0","x-frame-options":"SAMEORIGIN","x-content-type-options":"nosniff","alt-svc":"h3=\":443\"; ma=2592000,h3-29=\":443\"; ma=2592000,h3-T051=\":443\"; ma=2592000,h3-Q050=\":443\"; ma=2592000,h3-Q046=\":443\"; ma=2592000,h3-Q043=\":443\"; ma=2592000,quic=\":443\"; ma=2592000; v=\"46,43\"","accept-ranges":"none","transfer-encoding":"chunked"}
[debug] [2021-09-25T07:25:45.074Z] [hosting] release: {"name":"sites/univ-dorm-community/releases/1632554744500534","version":{"name":"sites/univ-dorm-community/versions/4dc963f68f093740","status":"FINALIZED","config":{"rewrites":[{"glob":"**","path":"/index.html"}]},"labels":{"deployment-tool":"cli-firebase"},"createTime":"2021-09-25T07:25:41.526396Z","createUser":{"email":"nth9708@gmail.com"},"finalizeTime":"2021-09-25T07:25:44.653844Z","finalizeUser":{"email":"nth9708@gmail.com"}},"type":"DEPLOY","releaseTime":"2021-09-25T07:25:44.500534374Z","releaseUser":{"email":"nth9708@gmail.com"}}
[info] ✔  hosting[univ-dorm-community]: release complete 
[info] 
[info] ✔  Deploy complete! 
[info] 
[info] Project Console: https://console.firebase.google.com/project/univ-dorm-community/overview
[info] Hosting URL: https://univ-dorm-community.web.app
